#
# A fatal error has been detected by the Java Runtime Environment:
#
#  EXCEPTION_ACCESS_VIOLATION (0xc0000005) at pc=0x0000000066be91f0, pid=16560, tid=0x00000000000084f0
#
# JRE version: Java(TM) SE Runtime Environment (8.0_191-b12) (build 1.8.0_191-b12)
# Java VM: Java HotSpot(TM) 64-Bit Server VM (25.191-b12 mixed mode windows-amd64 compressed oops)
# Problematic frame:
# C  [gdx-box2d64.dll+0x291f0]
#
# Failed to write core dump. Minidumps are not enabled by default on client versions of Windows
#
# If you would like to submit a bug report, please visit:
#   http://bugreport.java.com/bugreport/crash.jsp
# The crash happened outside the Java Virtual Machine in native code.
# See problematic frame for where to report the bug.
#

---------------  T H R E A D  ---------------

Current thread (0x000000001a2ef000):  JavaThread "LWJGL Application" [_thread_in_native, id=34032, stack(0x000000001c000000,0x000000001c100000)]

siginfo: ExceptionCode=0xc0000005, reading address 0x000000001b3e3188

Registers:
RAX=0x0000000066be91f0, RBX=0x000000001f448988, RCX=0x000000001a2ef1f8, RDX=0x000000001c0fede0
RSP=0x000000001c0fed28, RBP=0x000000001c0fedb0, RSI=0x00000000000018a0, RDI=0x00000000031e835d
R8 =0x000000001b3c9ef0, R9 =0x00000000000000dc, R10=0x00000000031f8c3b, R11=0x00000000549bcb30
R12=0x0000000000000000, R13=0x000000001f448988, R14=0x000000001c0fede0, R15=0x000000001a2ef000
RIP=0x0000000066be91f0, EFLAGS=0x0000000000010206

Top of Stack: (sp=0x000000001c0fed28)
0x000000001c0fed28:   00000000031f8c67 0000000017bd965a
0x000000001c0fed38:   000000001c0fed88 0000000017bd9b68
0x000000001c0fed48:   0000000000000000 0000000017bd9690
0x000000001c0fed58:   0000000000000000 000000001c0fed78
0x000000001c0fed68:   000000001c0fedd0 000000001c0fed70
0x000000001c0fed78:   0000000000000000 000000001c0fede0
0x000000001c0fed88:   000000001f457d88 0000000000000000
0x000000001c0fed98:   000000001f448988 0000000000000000
0x000000001c0feda8:   000000001c0fedd0 000000001c0fee28
0x000000001c0fedb8:   00000000031e7b30 0000000000000000
0x000000001c0fedc8:   00000000031f21c0 000000001b3c9ef0
0x000000001c0fedd8:   00000000031e83a2 00000000d6f9fbe8
0x000000001c0fede8:   000000001c0fede8 000000001f4488e5
0x000000001c0fedf8:   000000001c0fee38 000000001f457d88
0x000000001c0fee08:   0000000000000000 000000001f448900
0x000000001c0fee18:   000000001c0fedd0 000000001c0fee38 

Instructions: (pc=0x0000000066be91f0)
0x0000000066be91d0:   8b 92 f8 06 00 00 48 89 f2 f3 0f 11 40 04 48 83
0x0000000066be91e0:   c4 20 5b 5e 5f 49 ff e2 0f 1f 84 00 00 00 00 00
0x0000000066be91f0:   41 8b 80 98 92 01 00 d1 e8 83 e0 01 c3 0f 1f 00
0x0000000066be9200:   45 84 c9 75 0b 41 83 a0 98 92 01 00 fb c3 66 90 


Register to memory mapping:

RAX=0x0000000066be91f0 is an unknown value
RBX={method} {0x000000001f448990} 'jniIsLocked' '(J)Z' in 'com/badlogic/gdx/physics/box2d/World'
RCX=0x000000001a2ef1f8 is an unknown value
RDX=0x000000001c0fede0 is pointing into the stack for thread: 0x000000001a2ef000
RSP=0x000000001c0fed28 is pointing into the stack for thread: 0x000000001a2ef000
RBP=0x000000001c0fedb0 is pointing into the stack for thread: 0x000000001a2ef000
RSI=0x00000000000018a0 is an unknown value
RDI=0x00000000031e835d is at code_begin+2301 in an Interpreter codelet
invoke return entry points  [0x00000000031e7a60, 0x00000000031e8440]  2528 bytes
R8 =0x000000001b3c9ef0 is an unknown value
R9 =0x00000000000000dc is an unknown value
R10=0x00000000031f8c3b is at code_begin+891 in an Interpreter codelet
method entry point (kind = native)  [0x00000000031f88c0, 0x00000000031f9280]  2496 bytes
R11=0x00000000549bcb30 is an unknown value
R12=0x0000000000000000 is an unknown value
R13={method} {0x000000001f448990} 'jniIsLocked' '(J)Z' in 'com/badlogic/gdx/physics/box2d/World'
R14=0x000000001c0fede0 is pointing into the stack for thread: 0x000000001a2ef000
R15=0x000000001a2ef000 is a thread


Stack: [0x000000001c000000,0x000000001c100000],  sp=0x000000001c0fed28,  free space=1019k
Native frames: (J=compiled Java code, j=interpreted, Vv=VM code, C=native code)
C  [gdx-box2d64.dll+0x291f0]
C  0x00000000031f8c67

Java frames: (J=compiled Java code, j=interpreted, Vv=VM code)
j  com.badlogic.gdx.physics.box2d.World.jniIsLocked(J)Z+0
j  com.badlogic.gdx.physics.box2d.World.isLocked()Z+5
j  com.mygdx.physicsengine.BoxObjectManager.flushPool()V+4
j  com.mygdx.physicsengine.BoxObjectManager.dispose()V+8
j  com.mygdx.gameworld.GameWorld.dispose()V+11
j  com.mygdx.screens.GameScreen.dispose()V+7
j  com.mygdx.game.MyGdxGame.dispose()V+8
j  com.badlogic.gdx.backends.lwjgl.LwjglApplication.mainLoop()V+846
j  com.badlogic.gdx.backends.lwjgl.LwjglApplication$1.run()V+27
v  ~StubRoutines::call_stub

---------------  P R O C E S S  ---------------

Java Threads: ( => current thread )
  0x000000001ba92800 JavaThread "LWJGL Timer" daemon [_thread_blocked, id=14292, stack(0x0000000028540000,0x0000000028640000)]
  0x000000000169e800 JavaThread "DestroyJavaVM" [_thread_blocked, id=36588, stack(0x0000000002fe0000,0x00000000030e0000)]
=>0x000000001a2ef000 JavaThread "LWJGL Application" [_thread_in_native, id=34032, stack(0x000000001c000000,0x000000001c100000)]
  0x000000001a039800 JavaThread "Service Thread" daemon [_thread_blocked, id=5016, stack(0x000000001ac50000,0x000000001ad50000)]
  0x0000000019f99800 JavaThread "C1 CompilerThread3" daemon [_thread_blocked, id=35044, stack(0x000000001ab50000,0x000000001ac50000)]
  0x0000000019f91000 JavaThread "C2 CompilerThread2" daemon [_thread_blocked, id=35384, stack(0x000000001aa50000,0x000000001ab50000)]
  0x0000000019f90800 JavaThread "C2 CompilerThread1" daemon [_thread_blocked, id=17620, stack(0x000000001a950000,0x000000001aa50000)]
  0x0000000019f8d800 JavaThread "C2 CompilerThread0" daemon [_thread_blocked, id=31480, stack(0x000000001a850000,0x000000001a950000)]
  0x0000000019f8c000 JavaThread "Attach Listener" daemon [_thread_blocked, id=33460, stack(0x000000001a750000,0x000000001a850000)]
  0x0000000019f8b000 JavaThread "Signal Dispatcher" daemon [_thread_blocked, id=36112, stack(0x000000001a650000,0x000000001a750000)]
  0x0000000019f81000 JavaThread "Finalizer" daemon [_thread_blocked, id=36660, stack(0x000000001a460000,0x000000001a560000)]
  0x0000000019f80800 JavaThread "Reference Handler" daemon [_thread_blocked, id=33872, stack(0x000000001a360000,0x000000001a460000)]

Other Threads:
  0x0000000018179800 VMThread [stack: 0x0000000019e60000,0x0000000019f60000] [id=13676]
  0x0000000019fb1800 WatcherThread [stack: 0x000000001ad50000,0x000000001ae50000] [id=31168]

VM state:not at safepoint (normal execution)

VM Mutex/Monitor currently owned by a thread: None

Heap:
 PSYoungGen      total 38400K, used 23692K [0x00000000d5d80000, 0x00000000d8800000, 0x0000000100000000)
  eden space 33280K, 71% used [0x00000000d5d80000,0x00000000d74a3280,0x00000000d7e00000)
  from space 5120K, 0% used [0x00000000d8300000,0x00000000d8300000,0x00000000d8800000)
  to   space 5120K, 0% used [0x00000000d7e00000,0x00000000d7e00000,0x00000000d8300000)
 ParOldGen       total 87552K, used 0K [0x0000000081800000, 0x0000000086d80000, 0x00000000d5d80000)
  object space 87552K, 0% used [0x0000000081800000,0x0000000081800000,0x0000000086d80000)
 Metaspace       used 9898K, capacity 9971K, committed 10240K, reserved 1058816K
  class space    used 966K, capacity 1008K, committed 1024K, reserved 1048576K

Card table byte_map: [0x00000000125a0000,0x00000000129a0000] byte_map_base: 0x0000000012194000

Marking Bits: (ParMarkBitMap*) 0x0000000054fb3e30
 Begin Bits: [0x0000000013450000, 0x00000000153f0000)
 End Bits:   [0x00000000153f0000, 0x0000000017390000)

Polling page: 0x0000000001680000

CodeCache: size=245760Kb used=3842Kb max_used=3851Kb free=241917Kb
 bounds [0x00000000031e0000, 0x00000000035b0000, 0x00000000121e0000]
 total_blobs=1538 nmethods=1017 adapters=434
 compilation: enabled

Compilation events (10 events):
Event: 7.550 Thread 0x0000000019f8d800 nmethod 1012% 0x000000000358c810 code [0x000000000358c9a0, 0x000000000358cd88]
Event: 7.555 Thread 0x0000000019f90800 nmethod 1013% 0x0000000003597a10 code [0x0000000003597c60, 0x00000000035982f8]
Event: 7.601 Thread 0x0000000019f99800 1014       3       com.badlogic.gdx.math.Matrix4::setToOrtho (196 bytes)
Event: 7.602 Thread 0x0000000019f99800 nmethod 1014 0x000000000358d690 code [0x000000000358d860, 0x000000000358dcc8]
Event: 7.650 Thread 0x0000000019f91000 1016       4       com.badlogic.gdx.physics.box2d.World::getBodies (47 bytes)
Event: 7.652 Thread 0x0000000019f8d800 1017       4       com.badlogic.gdx.physics.box2d.Box2DDebugRenderer::renderBodies (194 bytes)
Event: 7.677 Thread 0x0000000019f8d800 nmethod 1017 0x00000000035995d0 code [0x0000000003599840, 0x0000000003599f68]
Event: 7.678 Thread 0x0000000019f91000 nmethod 1016 0x00000000035a73d0 code [0x00000000035a7580, 0x00000000035a7b08]
Event: 7.836 Thread 0x0000000019f99800 1018       3       com.badlogic.gdx.utils.ObjectMap$MapIterator::findNextIndex (62 bytes)
Event: 7.837 Thread 0x0000000019f99800 nmethod 1018 0x000000000358d150 code [0x000000000358d2c0, 0x000000000358d530]

GC Heap History (0 events):
No events

Deoptimization events (2 events):
Event: 3.342 Thread 0x000000001a2ef000 Uncommon trap: reason=unstable_if action=reinterpret pc=0x0000000003429c48 method=java.lang.AbstractStringBuilder.append(Ljava/lang/String;)Ljava/lang/AbstractStringBuilder; @ 1
Event: 3.778 Thread 0x000000001a2ef000 Uncommon trap: reason=unstable_if action=reinterpret pc=0x0000000003463bc4 method=org.sqlite.SQLiteJDBCLoader.contentsEquals(Ljava/io/InputStream;Ljava/io/InputStream;)Z @ 39

Classes redefined (0 events):
No events

Internal exceptions (10 events):
Event: 0.354 Thread 0x000000000169e800 Exception <a 'java/security/PrivilegedActionException'> (0x00000000d6016dc8) thrown at [C:\re\workspace\8-2-build-windows-amd64-cygwin\jdk8u191\11896\hotspot\src\share\vm\prims\jvm.cpp, line 1435]
Event: 0.356 Thread 0x000000000169e800 Exception <a 'java/security/PrivilegedActionException'> (0x00000000d601ad58) thrown at [C:\re\workspace\8-2-build-windows-amd64-cygwin\jdk8u191\11896\hotspot\src\share\vm\prims\jvm.cpp, line 1435]
Event: 0.356 Thread 0x000000000169e800 Exception <a 'java/security/PrivilegedActionException'> (0x00000000d601af68) thrown at [C:\re\workspace\8-2-build-windows-amd64-cygwin\jdk8u191\11896\hotspot\src\share\vm\prims\jvm.cpp, line 1435]
Event: 0.747 Thread 0x000000000169e800 Exception <a 'java/security/PrivilegedActionException'> (0x00000000d612e1c8) thrown at [C:\re\workspace\8-2-build-windows-amd64-cygwin\jdk8u191\11896\hotspot\src\share\vm\prims\jvm.cpp, line 1435]
Event: 0.747 Thread 0x000000000169e800 Exception <a 'java/security/PrivilegedActionException'> (0x00000000d612fea0) thrown at [C:\re\workspace\8-2-build-windows-amd64-cygwin\jdk8u191\11896\hotspot\src\share\vm\prims\jvm.cpp, line 1435]
Event: 0.747 Thread 0x000000000169e800 Exception <a 'java/security/PrivilegedActionException'> (0x00000000d6131010) thrown at [C:\re\workspace\8-2-build-windows-amd64-cygwin\jdk8u191\11896\hotspot\src\share\vm\prims\jvm.cpp, line 1435]
Event: 0.748 Thread 0x000000000169e800 Exception <a 'java/security/PrivilegedActionException'> (0x00000000d6136178) thrown at [C:\re\workspace\8-2-build-windows-amd64-cygwin\jdk8u191\11896\hotspot\src\share\vm\prims\jvm.cpp, line 1435]
Event: 0.748 Thread 0x000000000169e800 Exception <a 'java/security/PrivilegedActionException'> (0x00000000d6136dd0) thrown at [C:\re\workspace\8-2-build-windows-amd64-cygwin\jdk8u191\11896\hotspot\src\share\vm\prims\jvm.cpp, line 1435]
Event: 0.748 Thread 0x000000000169e800 Exception <a 'java/security/PrivilegedActionException'> (0x00000000d61379f8) thrown at [C:\re\workspace\8-2-build-windows-amd64-cygwin\jdk8u191\11896\hotspot\src\share\vm\prims\jvm.cpp, line 1435]
Event: 3.342 Thread 0x000000001a2ef000 Implicit null exception at 0x0000000003429896 to 0x0000000003429c31

Events (10 events):
Event: 6.836 Thread 0x000000001a2ef000 DEOPT PACKING pc=0x00000000035395af sp=0x000000001c0fed60
Event: 6.836 Thread 0x000000001a2ef000 DEOPT UNPACKING pc=0x0000000003227890 sp=0x000000001c0feaf0 mode 0
Event: 7.650 Thread 0x000000001a2ef000 DEOPT PACKING pc=0x00000000035734d1 sp=0x000000001c0fecf0
Event: 7.650 Thread 0x000000001a2ef000 DEOPT UNPACKING pc=0x0000000003227890 sp=0x000000001c0fea58 mode 0
Event: 7.652 Thread 0x000000001a2ef000 DEOPT PACKING pc=0x0000000003581744 sp=0x000000001c0fed80
Event: 7.652 Thread 0x000000001a2ef000 DEOPT UNPACKING pc=0x0000000003227890 sp=0x000000001c0feb50 mode 0
Event: 7.832 loading class com/badlogic/gdx/backends/lwjgl/LwjglApplication$2
Event: 7.832 loading class com/badlogic/gdx/backends/lwjgl/LwjglApplication$2 done
Event: 7.834 loading class com/badlogic/gdx/utils/ObjectSet$ObjectSetIterator
Event: 7.834 loading class com/badlogic/gdx/utils/ObjectSet$ObjectSetIterator done


Dynamic libraries:
0x00007ff680010000 - 0x00007ff680047000 	C:\Program Files\Java\jdk1.8.0_191\bin\java.exe
0x00007ffaa5510000 - 0x00007ffaa56f1000 	C:\Windows\SYSTEM32\ntdll.dll
0x00007ffaa29b0000 - 0x00007ffaa2a62000 	C:\Windows\System32\KERNEL32.DLL
0x00007ffaa2300000 - 0x00007ffaa2573000 	C:\Windows\System32\KERNELBASE.dll
0x00007ffaa5100000 - 0x00007ffaa51a1000 	C:\Windows\System32\ADVAPI32.dll
0x00007ffaa2bc0000 - 0x00007ffaa2c5e000 	C:\Windows\System32\msvcrt.dll
0x00007ffaa2d30000 - 0x00007ffaa2d8b000 	C:\Windows\System32\sechost.dll
0x00007ffaa2a90000 - 0x00007ffaa2bb4000 	C:\Windows\System32\RPCRT4.dll
0x00007ffaa4d90000 - 0x00007ffaa4f20000 	C:\Windows\System32\USER32.dll
0x00007ffaa22e0000 - 0x00007ffaa2300000 	C:\Windows\System32\win32u.dll
0x00007ffaa4670000 - 0x00007ffaa4698000 	C:\Windows\System32\GDI32.dll
0x00007ffaa2140000 - 0x00007ffaa22d2000 	C:\Windows\System32\gdi32full.dll
0x00007ffaa18e0000 - 0x00007ffaa197f000 	C:\Windows\System32\msvcp_win.dll
0x00007ffaa2580000 - 0x00007ffaa267a000 	C:\Windows\System32\ucrtbase.dll
0x00007ffa90990000 - 0x00007ffa90bf9000 	C:\Windows\WinSxS\amd64_microsoft.windows.common-controls_6595b64144ccf1df_6.0.17134.472_none_fb3f9af53068156d\COMCTL32.dll
0x00007ffaa51b0000 - 0x00007ffaa54d2000 	C:\Windows\System32\combase.dll
0x00007ffaa2920000 - 0x00007ffaa299a000 	C:\Windows\System32\bcryptPrimitives.dll
0x00007ffaa4640000 - 0x00007ffaa466d000 	C:\Windows\System32\IMM32.DLL
0x00000000546b0000 - 0x0000000054782000 	C:\Program Files\Java\jdk1.8.0_191\jre\bin\msvcr100.dll
0x0000000054790000 - 0x0000000055034000 	C:\Program Files\Java\jdk1.8.0_191\jre\bin\server\jvm.dll
0x00007ffaa29a0000 - 0x00007ffaa29a8000 	C:\Windows\System32\PSAPI.DLL
0x00007ffa90c90000 - 0x00007ffa90c99000 	C:\Windows\SYSTEM32\WSOCK32.dll
0x00007ffaa2d90000 - 0x00007ffaa2dfc000 	C:\Windows\System32\WS2_32.dll
0x00007ffa9b070000 - 0x00007ffa9b093000 	C:\Windows\SYSTEM32\WINMM.dll
0x00007ffa90e60000 - 0x00007ffa90e6a000 	C:\Windows\SYSTEM32\VERSION.dll
0x00007ffa9af50000 - 0x00007ffa9af7a000 	C:\Windows\SYSTEM32\winmmbase.dll
0x00007ffaa2680000 - 0x00007ffaa26c9000 	C:\Windows\System32\cfgmgr32.dll
0x0000000054660000 - 0x000000005466f000 	C:\Program Files\Java\jdk1.8.0_191\jre\bin\verify.dll
0x0000000054630000 - 0x0000000054659000 	C:\Program Files\Java\jdk1.8.0_191\jre\bin\java.dll
0x0000000054610000 - 0x0000000054626000 	C:\Program Files\Java\jdk1.8.0_191\jre\bin\zip.dll
0x00007ffaa2f10000 - 0x00007ffaa4350000 	C:\Windows\System32\SHELL32.dll
0x00007ffaa2e60000 - 0x00007ffaa2f09000 	C:\Windows\System32\shcore.dll
0x00007ffaa1a30000 - 0x00007ffaa213d000 	C:\Windows\System32\windows.storage.dll
0x00007ffaa2c70000 - 0x00007ffaa2cc1000 	C:\Windows\System32\shlwapi.dll
0x00007ffaa1840000 - 0x00007ffaa1851000 	C:\Windows\System32\kernel.appcore.dll
0x00007ffaa1820000 - 0x00007ffaa183f000 	C:\Windows\System32\profapi.dll
0x00007ffaa1890000 - 0x00007ffaa18dc000 	C:\Windows\System32\powrprof.dll
0x00007ffaa1860000 - 0x00007ffaa186a000 	C:\Windows\System32\FLTLIB.DLL
0x0000000065580000 - 0x0000000065616000 	C:\Users\ericn\AppData\Local\Temp\libgdxericn\12dfaa03\gdx64.dll
0x00007ffaa11f0000 - 0x00007ffaa1207000 	C:\Windows\SYSTEM32\CRYPTSP.dll
0x00007ffaa0c20000 - 0x00007ffaa0c53000 	C:\Windows\system32\rsaenh.dll
0x00007ffaa1320000 - 0x00007ffaa1345000 	C:\Windows\SYSTEM32\bcrypt.dll
0x00007ffaa1720000 - 0x00007ffaa1748000 	C:\Windows\SYSTEM32\USERENV.dll
0x00007ffaa1210000 - 0x00007ffaa121b000 	C:\Windows\SYSTEM32\CRYPTBASE.dll
0x00000000545f0000 - 0x000000005460a000 	C:\Program Files\Java\jdk1.8.0_191\jre\bin\net.dll
0x00007ffaa1040000 - 0x00007ffaa10a6000 	C:\Windows\system32\mswsock.dll
0x00007ffaa0dc0000 - 0x00007ffaa0df8000 	C:\Windows\SYSTEM32\IPHLPAPI.DLL
0x00007ffaa2c60000 - 0x00007ffaa2c68000 	C:\Windows\System32\NSI.dll
0x00007ffa989c0000 - 0x00007ffa989d6000 	C:\Windows\SYSTEM32\dhcpcsvc6.DLL
0x00007ffa98ae0000 - 0x00007ffa98afa000 	C:\Windows\SYSTEM32\dhcpcsvc.DLL
0x00000000545d0000 - 0x00000000545e1000 	C:\Program Files\Java\jdk1.8.0_191\jre\bin\nio.dll
0x0000000180000000 - 0x0000000180053000 	C:\Users\ericn\AppData\Local\Temp\libgdxericn\dc0f0009\lwjgl64.dll
0x00007ffa8fdc0000 - 0x00007ffa8fee0000 	C:\Windows\SYSTEM32\OPENGL32.dll
0x00007ffa8f900000 - 0x00007ffa8f92c000 	C:\Windows\SYSTEM32\GLU32.dll
0x000000001b190000 - 0x000000001b1f4000 	C:\Users\ericn\AppData\Local\Temp\libgdxericn\dc0f0009\OpenAL64.dll
0x00007ffaa4fa0000 - 0x00007ffaa50f1000 	C:\Windows\System32\ole32.dll
0x00007ffa9c150000 - 0x00007ffa9c1e8000 	C:\Windows\system32\uxtheme.dll
0x00007ffaa4350000 - 0x00007ffaa43f0000 	C:\Windows\System32\clbcatq.dll
0x00007ffa9c730000 - 0x00007ffa9c8e4000 	C:\Windows\System32\PROPSYS.dll
0x00007ffaa43f0000 - 0x00007ffaa44b2000 	C:\Windows\System32\OLEAUT32.dll
0x00007ffa4eb80000 - 0x00007ffa4ec0f000 	C:\Windows\SYSTEM32\dsound.dll
0x00007ffa97960000 - 0x00007ffa979d6000 	C:\Windows\System32\MMDevApi.dll
0x00007ffaa15d0000 - 0x00007ffaa15f7000 	C:\Windows\System32\DEVOBJ.dll
0x00007ffa8dee0000 - 0x00007ffa8e00c000 	C:\Windows\SYSTEM32\AUDIOSES.DLL
0x00007ffa9b9e0000 - 0x00007ffa9bb2d000 	C:\Windows\SYSTEM32\wintypes.dll
0x00007ffa9bd90000 - 0x00007ffa9bd9a000 	C:\Windows\SYSTEM32\AVRT.dll
0x00007ffaa44c0000 - 0x00007ffaa4633000 	C:\Windows\System32\MSCTF.dll
0x00007ffa9fc20000 - 0x00007ffa9fc49000 	C:\Windows\system32\dwmapi.dll
0x00007ffa872e0000 - 0x00007ffa87376000 	C:\Windows\System32\TextInputFramework.dll
0x00007ffa9ab30000 - 0x00007ffa9ac0a000 	C:\Windows\System32\CoreMessaging.dll
0x00007ffa96b90000 - 0x00007ffa96eae000 	C:\Windows\System32\CoreUIComponents.dll
0x00007ffaa0910000 - 0x00007ffaa0941000 	C:\Windows\SYSTEM32\ntmarta.dll
0x00007ffa5cd40000 - 0x00007ffa5dbff000 	C:\Windows\System32\DriverStore\FileRepository\ki127390.inf_amd64_e1ccb879ece8f084\ig9icd64.dll
0x00007ffaa05e0000 - 0x00007ffaa069b000 	C:\Windows\SYSTEM32\dxgi.dll
0x00007ffaa0440000 - 0x00007ffaa0453000 	C:\Windows\SYSTEM32\WTSAPI32.dll
0x00007ffa790d0000 - 0x00007ffa79178000 	C:\Windows\SYSTEM32\mscms.dll
0x00007ffa98930000 - 0x00007ffa98940000 	C:\Windows\SYSTEM32\ColorAdapterClient.dll
0x00007ffa8a7e0000 - 0x00007ffa8a823000 	C:\Windows\SYSTEM32\icm32.dll
0x00007ffa92570000 - 0x00007ffa94305000 	C:\Windows\System32\DriverStore\FileRepository\ki127390.inf_amd64_e1ccb879ece8f084\igc64.dll
0x0000000070400000 - 0x00000000704f7000 	C:\Users\ericn\AppData\Local\Temp\sqlite-3.23.1-58b9e8a8-d81a-42a6-97b6-14ef5fb3c268-sqlitejdbc.dll
0x0000000066bc0000 - 0x0000000066c7b000 	C:\Users\ericn\AppData\Local\Temp\libgdxericn\54593449\gdx-box2d64.dll
0x00007ffaa0270000 - 0x00007ffaa0439000 	C:\Windows\SYSTEM32\dbghelp.dll

VM Arguments:
jvm_args: -Dfile.encoding=windows-1252 -Duser.country=CA -Duser.language=en -Duser.variant 
java_command: com.mygdx.game.desktop.DesktopLauncher
java_class_path (initial): C:\Users\ericn\Documents\game\desktop\build\classes\java\main;C:\Users\ericn\Documents\game\desktop\build\resources\main;C:\Users\ericn\Documents\game\core\build\libs\core-1.0.jar;C:\Users\ericn\Documents\game\libs\sqlite-jdbc-3.23.1.jar;C:\Users\ericn\.gradle\caches\modules-2\files-2.1\com.badlogicgames.gdx\gdx-backend-lwjgl\1.9.8\b7c138f14ed67ad830ae7597da3d86ae02b20eee\gdx-backend-lwjgl-1.9.8.jar;C:\Users\ericn\.gradle\caches\modules-2\files-2.1\com.badlogicgames.gdx\gdx-platform\1.9.8\604a2ef2c7c92a5900114757cbd3fb4dcbb8270c\gdx-platform-1.9.8-natives-desktop.jar;C:\Users\ericn\.gradle\caches\modules-2\files-2.1\com.badlogicgames.gdx\gdx-box2d-platform\1.9.8\3195b56f82751d7cd7de85edb6824d17bf479781\gdx-box2d-platform-1.9.8-natives-desktop.jar;C:\Users\ericn\.gradle\caches\modules-2\files-2.1\com.badlogicgames.box2dlights\box2dlights\1.4\3d77ad5b4164fb32fc67e2446e35911bb0aaf0bd\box2dlights-1.4.jar;C:\Users\ericn\.gradle\caches\modules-2\files-2.1\com.badlogicgames.gdx\gdx-box2d\1.9.8\6f0497b7958216464101adfb7bdc3a0f7b88d6d3\gdx-box2d-1.9.8.jar;C:\Users\ericn\.gradle\caches\modules-2\files-2.1\com.badlogicgames.gdx\gdx\1.9.8\a35a0076fbce873f9c2d5a1a1c8066244231bb3c\gdx-1.9.8.jar;C:\Users\ericn\.gradle\caches\modules-2\files-2.1\org.lwjgl.lwjgl\lwjgl_util\2.9.2\4b9e37300a87799856e0bd15ed81663cdb6b0947\lwjgl_util-2.9.2.jar;C:\Users\ericn\.gradle\caches\modules-2\files-2.1\org.lwjgl.lwjgl\lwjgl\2.9.2\a9d80fe5935c7a9149f6584d9777cfd471f65489\lwjgl-2.9.2.jar;C:\Users\ericn\.gradle\caches\modules-2\files-2.1\com.badlogicgames.jlayer\jlayer\1.0.1-gdx\7cca83cec5c1b2f011362f4d85aabd71a73b049d\jlayer-1.0.1-gdx.jar;C:\Users\ericn\.gradle\caches\modules-2\files-2.1\org.jcraft\jorbis\0.0.17\8872d22b293e8f5d7d56ff92be966e6dc28ebdc6\jorbis-0.0.17.jar;C:\Users\ericn\.gradle\caches\modules-2\files-2.1\org.lwjgl.lwjgl\lwjgl-platform\2.9.2\510c7d317f5e9e700b9cfaac5fd38bdebf0702e0\lwjgl-platform-2.9.2-natives-windows.jar;C:\Users\ericn\.gradle\caches\modu
Launcher Type: SUN_STANDARD

Environment Variables:
PATH=C:\Program Files (x86)\Common Files\Oracle\Java\javapath;C:\Program Files (x86)\Intel\Intel(R) Management Engine Components\iCLS\;C:\Program Files\Intel\Intel(R) Management Engine Components\iCLS\;C:\Windows\system32;C:\Windows;C:\Windows\System32\Wbem;C:\Windows\System32\WindowsPowerShell\v1.0\;C:\Windows\System32\OpenSSH\;C:\Program Files (x86)\Intel\Intel(R) Management Engine Components\DAL;C:\Program Files\Intel\Intel(R) Management Engine Components\DAL;C:\Program Files (x86)\Intel\Intel(R) Management Engine Components\IPT;C:\Program Files\Intel\Intel(R) Management Engine Components\IPT;C:\Program Files (x86)\Common Files\Oracle\Java\javapath;C:\Program Files (x86)\Intel\Intel(R) Management Engine Components\iCLS\;C:\Program Files\Intel\Intel(R) Management Engine Components\iCLS\;C:\Windows\system32;C:\Windows;C:\Windows\System32\Wbem;C:\Windows\System32\WindowsPowerShell\v1.0\;C:\Windows\System32\OpenSSH\;C:\Program Files (x86)\Intel\Intel(R) Management Engine Components\DAL;C:\Program Files\Intel\Intel(R) Management Engine Components\DAL;C:\Program Files (x86)\Intel\Intel(R) Management Engine Components\IPT;C:\Program Files\Intel\Intel(R) Management Engine Components\IPT;C:\Users\ericn\AppData\Local\Programs\Python\Python37\Scripts;C:\Program Files\Java\jdk1.8.0_191\bin;
USERNAME=ericn
OS=Windows_NT
PROCESSOR_IDENTIFIER=Intel64 Family 6 Model 142 Stepping 10, GenuineIntel



---------------  S Y S T E M  ---------------

OS: Windows 10.0 , 64 bit Build 17134 (10.0.17134.1)

CPU:total 8 (initial active 8) (4 cores per cpu, 2 threads per core) family 6 model 142 stepping 10, cmov, cx8, fxsr, mmx, sse, sse2, sse3, ssse3, sse4.1, sse4.2, popcnt, avx, avx2, aes, clmul, erms, 3dnowpref, lzcnt, ht, tsc, tscinvbit, bmi1, bmi2, adx

Memory: 4k page, physical 8283460k(3172992k free), swap 13788484k(4826816k free)

vm_info: Java HotSpot(TM) 64-Bit Server VM (25.191-b12) for windows-amd64 JRE (1.8.0_191-b12), built on Oct  6 2018 09:29:03 by "java_re" with MS VC++ 10.0 (VS2010)

time: Wed Jan 02 16:55:20 2019
elapsed time: 7 seconds (0d 0h 0m 7s)

